QUERY 1
"Hash Join  (cost=420.04..3177.08 rows=197 width=28) (actual time=6.222..9.684 rows=217 loops=1)"
"  Hash Cond: (l.serialnumber = a.serialnumber)"
"  ->  Bitmap Heap Scan on landingtakingoff l  (cost=33.17..2789.69 rows=197 width=4) (actual time=0.784..4.077 rows=217 loops=1)"
"        Recheck Cond: (date = '2024-05-19'::date)"
"        Filter: ((location)::text = 'LAX'::text)"
"        Rows Removed by Filter: 2594"
"        Heap Blocks: exact=1560"
"        ->  Bitmap Index Scan on idx_landingtakingoff_date  (cost=0.00..33.12 rows=2760 width=0) (actual time=0.488..0.488 rows=2811 loops=1)"
"              Index Cond: (date = '2024-05-19'::date)"
"  ->  Hash  (cost=225.83..225.83 rows=12883 width=28) (actual time=5.178..5.179 rows=12883 loops=1)"
"        Buckets: 16384  Batches: 1  Memory Usage: 896kB"
"        ->  Seq Scan on airplane a  (cost=0.00..225.83 rows=12883 width=28) (actual time=0.052..1.766 rows=12883 loops=1)"
"Planning Time: 0.589 ms"
"Execution Time: 10.426 ms"

QUERY 2
"Gather  (cost=1000.00..4280.21 rows=427 width=25) (actual time=0.399..153.894 rows=426 loops=1)"
"  Workers Planned: 1"
"  Workers Launched: 1"
"  ->  Parallel Seq Scan on truckload t  (cost=0.00..3237.51 rows=251 width=25) (actual time=0.009..15.473 rows=213 loops=2)"
"        Filter: ((date = '2024-04-28'::date) AND ((typeoffuel)::text = 'JetB'::text))"
"        Rows Removed by Filter: 99832"
"Planning Time: 0.226 ms"
"Execution Time: 153.988 ms"

QUERY 3
"Seq Scan on runway r  (cost=0.00..483203.58 rows=19 width=20) (actual time=198.686..13438.103 rows=56 loops=1)"
"  Filter: ((SubPlan 1) > 20)"
"  SubPlan 1"
"    ->  Aggregate  (cost=8628.59..8628.60 rows=1 width=8) (actual time=239.909..239.909 rows=1 loops=56)"
"          ->  Seq Scan on landingtakingoff l  (cost=0.00..8610.73 rows=7146 width=0) (actual time=0.328..236.833 rows=7146 loops=56)"
"                Filter: ((number = r.number) AND ((location)::text = (r.location)::text))"
"                Rows Removed by Filter: 393036"
"Planning Time: 4.208 ms"
"Execution Time: 13440.933 ms"

QUERY 4
"Sort  (cost=74.36..74.38 rows=7 width=17) (actual time=1.697..1.699 rows=7 loops=1)"
"  Sort Key: manufacturer"
"  Sort Method: quicksort  Memory: 25kB"
"  ->  HashAggregate  (cost=74.19..74.26 rows=7 width=17) (actual time=0.666..0.668 rows=7 loops=1)"
"        Group Key: manufacturer"
"        Batches: 1  Memory Usage: 24kB"
"        ->  Seq Scan on airplanetug at  (cost=0.00..73.00 rows=239 width=9) (actual time=0.023..0.594 rows=239 loops=1)"
"              Filter: ((location)::text = 'LAX'::text)"
"              Rows Removed by Filter: 3361"
"Planning Time: 5.714 ms"
"Execution Time: 1.755 ms"